0 info it worked if it ends with ok
1 verbose cli [ 'D:\\Program Files\\nodejs\\node.exe',
1 verbose cli   'D:\\Program Files\\nodejs\\node_modules\\npm\\bin\\npm-cli.js',
1 verbose cli   'install',
1 verbose cli   'node.js',
1 verbose cli   'version',
1 verbose cli   '9.2.0' ]
2 info using npm@3.10.10
3 info using node@v6.10.0
4 silly loadCurrentTree Starting
5 silly install loadCurrentTree
6 silly install readLocalPackageData
7 silly fetchPackageMetaData node.js
8 silly fetchPackageMetaData version
9 silly fetchPackageMetaData 9.2.0
10 silly fetchNamedPackageData node.js
11 silly mapToRegistry name node.js
12 silly mapToRegistry using default registry
13 silly mapToRegistry registry https://registry.npmjs.org/
14 silly mapToRegistry data Result {
14 silly mapToRegistry   raw: 'node.js',
14 silly mapToRegistry   scope: null,
14 silly mapToRegistry   escapedName: 'node.js',
14 silly mapToRegistry   name: 'node.js',
14 silly mapToRegistry   rawSpec: '',
14 silly mapToRegistry   spec: 'latest',
14 silly mapToRegistry   type: 'tag' }
15 silly mapToRegistry uri https://registry.npmjs.org/node.js
16 silly fetchNamedPackageData version
17 silly mapToRegistry name version
18 silly mapToRegistry using default registry
19 silly mapToRegistry registry https://registry.npmjs.org/
20 silly mapToRegistry data Result {
20 silly mapToRegistry   raw: 'version',
20 silly mapToRegistry   scope: null,
20 silly mapToRegistry   escapedName: 'version',
20 silly mapToRegistry   name: 'version',
20 silly mapToRegistry   rawSpec: '',
20 silly mapToRegistry   spec: 'latest',
20 silly mapToRegistry   type: 'tag' }
21 silly mapToRegistry uri https://registry.npmjs.org/version
22 silly fetchNamedPackageData 9.2.0
23 silly mapToRegistry name 9.2.0
24 silly mapToRegistry using default registry
25 silly mapToRegistry registry https://registry.npmjs.org/
26 silly mapToRegistry data Result {
26 silly mapToRegistry   raw: '9.2.0',
26 silly mapToRegistry   scope: null,
26 silly mapToRegistry   escapedName: '9.2.0',
26 silly mapToRegistry   name: '9.2.0',
26 silly mapToRegistry   rawSpec: '',
26 silly mapToRegistry   spec: 'latest',
26 silly mapToRegistry   type: 'tag' }
27 silly mapToRegistry uri https://registry.npmjs.org/9.2.0
28 verbose request uri https://registry.npmjs.org/node.js
29 verbose request no auth needed
30 info attempt registry request try #1 at 11:31:49
31 verbose request id 0edffead36ac9029
32 http request GET https://registry.npmjs.org/node.js
33 verbose request uri https://registry.npmjs.org/version
34 verbose request no auth needed
35 info attempt registry request try #1 at 11:31:49
36 http request GET https://registry.npmjs.org/version
37 verbose request uri https://registry.npmjs.org/9.2.0
38 verbose request no auth needed
39 info attempt registry request try #1 at 11:31:49
40 http request GET https://registry.npmjs.org/9.2.0
41 http 200 https://registry.npmjs.org/version
42 verbose headers { server: 'nginx/1.10.1',
42 verbose headers   'content-type': 'application/json',
42 verbose headers   'last-modified': 'Thu, 27 Jun 2013 20:02:18 GMT',
42 verbose headers   etag: 'W/"51cc9a4a-2285"',
42 verbose headers   'content-encoding': 'gzip',
42 verbose headers   'cache-control': 'max-age=300',
42 verbose headers   'content-length': '1496',
42 verbose headers   'accept-ranges': 'bytes',
42 verbose headers   date: 'Thu, 16 Nov 2017 03:32:14 GMT',
42 verbose headers   via: '1.1 varnish',
42 verbose headers   age: '0',
42 verbose headers   connection: 'keep-alive',
42 verbose headers   'x-served-by': 'cache-bur17526-BUR',
42 verbose headers   'x-cache': 'MISS',
42 verbose headers   'x-cache-hits': '0',
42 verbose headers   'x-timer': 'S1510803134.484348,VS0,VE31',
42 verbose headers   vary: 'Accept-Encoding, Accept' }
43 silly get cb [ 200,
43 silly get   { server: 'nginx/1.10.1',
43 silly get     'content-type': 'application/json',
43 silly get     'last-modified': 'Thu, 27 Jun 2013 20:02:18 GMT',
43 silly get     etag: 'W/"51cc9a4a-2285"',
43 silly get     'content-encoding': 'gzip',
43 silly get     'cache-control': 'max-age=300',
43 silly get     'content-length': '1496',
43 silly get     'accept-ranges': 'bytes',
43 silly get     date: 'Thu, 16 Nov 2017 03:32:14 GMT',
43 silly get     via: '1.1 varnish',
43 silly get     age: '0',
43 silly get     connection: 'keep-alive',
43 silly get     'x-served-by': 'cache-bur17526-BUR',
43 silly get     'x-cache': 'MISS',
43 silly get     'x-cache-hits': '0',
43 silly get     'x-timer': 'S1510803134.484348,VS0,VE31',
43 silly get     vary: 'Accept-Encoding, Accept' } ]
44 verbose get saving version to C:\Users\Administrator\AppData\Roaming\npm-cache\registry.npmjs.org\version\.cache.json
45 verbose correctMkdir C:\Users\Administrator\AppData\Roaming\npm-cache correctMkdir not in flight; initializing
46 http 200 https://registry.npmjs.org/node.js
47 verbose headers { server: 'nginx/1.10.1',
47 verbose headers   'content-type': 'application/json',
47 verbose headers   'last-modified': 'Sat, 04 Nov 2017 11:09:11 GMT',
47 verbose headers   etag: 'W/"59fd9fd7-468"',
47 verbose headers   'content-encoding': 'gzip',
47 verbose headers   'cache-control': 'max-age=300',
47 verbose headers   'content-length': '596',
47 verbose headers   'accept-ranges': 'bytes',
47 verbose headers   date: 'Thu, 16 Nov 2017 03:32:14 GMT',
47 verbose headers   via: '1.1 varnish',
47 verbose headers   age: '0',
47 verbose headers   connection: 'keep-alive',
47 verbose headers   'x-served-by': 'cache-bur17523-BUR',
47 verbose headers   'x-cache': 'MISS',
47 verbose headers   'x-cache-hits': '0',
47 verbose headers   'x-timer': 'S1510803135.675263,VS0,VE31',
47 verbose headers   vary: 'Accept-Encoding, Accept' }
48 silly get cb [ 200,
48 silly get   { server: 'nginx/1.10.1',
48 silly get     'content-type': 'application/json',
48 silly get     'last-modified': 'Sat, 04 Nov 2017 11:09:11 GMT',
48 silly get     etag: 'W/"59fd9fd7-468"',
48 silly get     'content-encoding': 'gzip',
48 silly get     'cache-control': 'max-age=300',
48 silly get     'content-length': '596',
48 silly get     'accept-ranges': 'bytes',
48 silly get     date: 'Thu, 16 Nov 2017 03:32:14 GMT',
48 silly get     via: '1.1 varnish',
48 silly get     age: '0',
48 silly get     connection: 'keep-alive',
48 silly get     'x-served-by': 'cache-bur17523-BUR',
48 silly get     'x-cache': 'MISS',
48 silly get     'x-cache-hits': '0',
48 silly get     'x-timer': 'S1510803135.675263,VS0,VE31',
48 silly get     vary: 'Accept-Encoding, Accept' } ]
49 verbose get saving node.js to C:\Users\Administrator\AppData\Roaming\npm-cache\registry.npmjs.org\node.js\.cache.json
50 verbose correctMkdir C:\Users\Administrator\AppData\Roaming\npm-cache correctMkdir not in flight; initializing
51 http 404 https://registry.npmjs.org/9.2.0
52 verbose headers { 'content-type': 'application/json',
52 verbose headers   'cache-control': 'max-age=0',
52 verbose headers   'content-length': '2',
52 verbose headers   'accept-ranges': 'bytes',
52 verbose headers   date: 'Thu, 16 Nov 2017 03:32:14 GMT',
52 verbose headers   via: '1.1 varnish',
52 verbose headers   age: '0',
52 verbose headers   connection: 'keep-alive',
52 verbose headers   'x-served-by': 'cache-bur17549-BUR',
52 verbose headers   'x-cache': 'MISS',
52 verbose headers   'x-cache-hits': '0',
52 verbose headers   'x-timer': 'S1510803134.459571,VS0,VE347',
52 verbose headers   vary: 'Accept-Encoding' }
53 silly get cb [ 404,
53 silly get   { 'content-type': 'application/json',
53 silly get     'cache-control': 'max-age=0',
53 silly get     'content-length': '2',
53 silly get     'accept-ranges': 'bytes',
53 silly get     date: 'Thu, 16 Nov 2017 03:32:14 GMT',
53 silly get     via: '1.1 varnish',
53 silly get     age: '0',
53 silly get     connection: 'keep-alive',
53 silly get     'x-served-by': 'cache-bur17549-BUR',
53 silly get     'x-cache': 'MISS',
53 silly get     'x-cache-hits': '0',
53 silly get     'x-timer': 'S1510803134.459571,VS0,VE347',
53 silly get     vary: 'Accept-Encoding' } ]
54 silly fetchPackageMetaData Error: Registry returned 404 for GET on https://registry.npmjs.org/9.2.0
54 silly fetchPackageMetaData     at makeError (D:\Users\Administrator\AppData\Roaming\nvm\v6.10.0\node_modules\npm\node_modules\npm-registry-client\lib\request.js:302:12)
54 silly fetchPackageMetaData     at CachingRegistryClient.<anonymous> (D:\Users\Administrator\AppData\Roaming\nvm\v6.10.0\node_modules\npm\node_modules\npm-registry-client\lib\request.js:280:14)
54 silly fetchPackageMetaData     at Request._callback (D:\Users\Administrator\AppData\Roaming\nvm\v6.10.0\node_modules\npm\node_modules\npm-registry-client\lib\request.js:210:14)
54 silly fetchPackageMetaData     at Request.self.callback (D:\Users\Administrator\AppData\Roaming\nvm\v6.10.0\node_modules\npm\node_modules\request\request.js:187:22)
54 silly fetchPackageMetaData     at emitTwo (events.js:106:13)
54 silly fetchPackageMetaData     at Request.emit (events.js:191:7)
54 silly fetchPackageMetaData     at Request.<anonymous> (D:\Users\Administrator\AppData\Roaming\nvm\v6.10.0\node_modules\npm\node_modules\request\request.js:1048:10)
54 silly fetchPackageMetaData     at emitOne (events.js:96:13)
54 silly fetchPackageMetaData     at Request.emit (events.js:188:7)
54 silly fetchPackageMetaData     at IncomingMessage.<anonymous> (D:\Users\Administrator\AppData\Roaming\nvm\v6.10.0\node_modules\npm\node_modules\request\request.js:969:12)
54 silly fetchPackageMetaData  error for 9.2.0 { Error: Registry returned 404 for GET on https://registry.npmjs.org/9.2.0
54 silly fetchPackageMetaData     at makeError (D:\Users\Administrator\AppData\Roaming\nvm\v6.10.0\node_modules\npm\node_modules\npm-registry-client\lib\request.js:302:12)
54 silly fetchPackageMetaData     at CachingRegistryClient.<anonymous> (D:\Users\Administrator\AppData\Roaming\nvm\v6.10.0\node_modules\npm\node_modules\npm-registry-client\lib\request.js:280:14)
54 silly fetchPackageMetaData     at Request._callback (D:\Users\Administrator\AppData\Roaming\nvm\v6.10.0\node_modules\npm\node_modules\npm-registry-client\lib\request.js:210:14)
54 silly fetchPackageMetaData     at Request.self.callback (D:\Users\Administrator\AppData\Roaming\nvm\v6.10.0\node_modules\npm\node_modules\request\request.js:187:22)
54 silly fetchPackageMetaData     at emitTwo (events.js:106:13)
54 silly fetchPackageMetaData     at Request.emit (events.js:191:7)
54 silly fetchPackageMetaData     at Request.<anonymous> (D:\Users\Administrator\AppData\Roaming\nvm\v6.10.0\node_modules\npm\node_modules\request\request.js:1048:10)
54 silly fetchPackageMetaData     at emitOne (events.js:96:13)
54 silly fetchPackageMetaData     at Request.emit (events.js:188:7)
54 silly fetchPackageMetaData     at IncomingMessage.<anonymous> (D:\Users\Administrator\AppData\Roaming\nvm\v6.10.0\node_modules\npm\node_modules\request\request.js:969:12) pkgid: '9.2.0', statusCode: 404, code: 'E404' }
55 silly rollbackFailedOptional Starting
56 silly rollbackFailedOptional Finishing
57 silly runTopLevelLifecycles Finishing
58 silly install printInstalled
59 verbose stack Error: Registry returned 404 for GET on https://registry.npmjs.org/9.2.0
59 verbose stack     at makeError (D:\Users\Administrator\AppData\Roaming\nvm\v6.10.0\node_modules\npm\node_modules\npm-registry-client\lib\request.js:302:12)
59 verbose stack     at CachingRegistryClient.<anonymous> (D:\Users\Administrator\AppData\Roaming\nvm\v6.10.0\node_modules\npm\node_modules\npm-registry-client\lib\request.js:280:14)
59 verbose stack     at Request._callback (D:\Users\Administrator\AppData\Roaming\nvm\v6.10.0\node_modules\npm\node_modules\npm-registry-client\lib\request.js:210:14)
59 verbose stack     at Request.self.callback (D:\Users\Administrator\AppData\Roaming\nvm\v6.10.0\node_modules\npm\node_modules\request\request.js:187:22)
59 verbose stack     at emitTwo (events.js:106:13)
59 verbose stack     at Request.emit (events.js:191:7)
59 verbose stack     at Request.<anonymous> (D:\Users\Administrator\AppData\Roaming\nvm\v6.10.0\node_modules\npm\node_modules\request\request.js:1048:10)
59 verbose stack     at emitOne (events.js:96:13)
59 verbose stack     at Request.emit (events.js:188:7)
59 verbose stack     at IncomingMessage.<anonymous> (D:\Users\Administrator\AppData\Roaming\nvm\v6.10.0\node_modules\npm\node_modules\request\request.js:969:12)
60 verbose statusCode 404
61 verbose pkgid 9.2.0
62 verbose cwd E:\项目1\mirror
63 error Windows_NT 10.0.10240
64 error argv "D:\\Program Files\\nodejs\\node.exe" "D:\\Program Files\\nodejs\\node_modules\\npm\\bin\\npm-cli.js" "install" "node.js" "version" "9.2.0"
65 error node v6.10.0
66 error npm  v3.10.10
67 error code E404
68 error 404 Registry returned 404 for GET on https://registry.npmjs.org/9.2.0
69 error 404
70 error 404 '9.2.0' is not in the npm registry.
71 error 404 You should bug the author to publish it (or use the name yourself!)
72 error 404 Note that you can also install from a
73 error 404 tarball, folder, http url, or git url.
74 verbose exit [ 1, true ]
